[2020-02-22 11:33:26] local.ERROR: Route pattern "/formbuilder/{id}/{{id}}" cannot reference variable name "id" more than once. {"exception":"[object] (LogicException(code: 0): Route pattern \"/formbuilder/{id}/{{id}}\" cannot reference variable name \"id\" more than once. at C:\\Bitnami\\wampstack-7.3.10-0\\apache2\\Braddy\\vendor\\symfony\outing\\RouteCompiler.php:138)
[stacktrace]
#0 C:\\Bitnami\\wampstack-7.3.10-0\\apache2\\Braddy\\vendor\\symfony\outing\\RouteCompiler.php(66): Symfony\\Component\\Routing\\RouteCompiler::compilePattern(Object(Symfony\\Component\\Routing\\Route), '/formbuilder/{i...', false)
#1 C:\\Bitnami\\wampstack-7.3.10-0\\apache2\\Braddy\\vendor\\symfony\outing\\Route.php(557): Symfony\\Component\\Routing\\RouteCompiler::compile(Object(Symfony\\Component\\Routing\\Route))
#2 C:\\Bitnami\\wampstack-7.3.10-0\\apache2\\Braddy\\vendor\\laravel\\framework\\src\\Illuminate\\Routing\\RouteCompiler.php(40): Symfony\\Component\\Routing\\Route->compile()
#3 C:\\Bitnami\\wampstack-7.3.10-0\\apache2\\Braddy\\vendor\\laravel\\framework\\src\\Illuminate\\Routing\\Route.php(291): Illuminate\\Routing\\RouteCompiler->compile()
#4 C:\\Bitnami\\wampstack-7.3.10-0\\apache2\\Braddy\\vendor\\laravel\\framework\\src\\Illuminate\\Routing\\Route.php(268): Illuminate\\Routing\\Route->compileRoute()
#5 C:\\Bitnami\\wampstack-7.3.10-0\\apache2\\Braddy\\vendor\\laravel\\framework\\src\\Illuminate\\Routing\\RouteCollection.php(197): Illuminate\\Routing\\Route->matches(Object(Illuminate\\Http\\Request), false)
#6 [internal function]: Illuminate\\Routing\\RouteCollection->Illuminate\\Routing\\{closure}(Object(Illuminate\\Routing\\Route), 'formbuilder/{id...')
#7 C:\\Bitnami\\wampstack-7.3.10-0\\apache2\\Braddy\\vendor\\laravel\\framework\\src\\Illuminate\\Support\\Arr.php(175): call_user_func(Object(Closure), Object(Illuminate\\Routing\\Route), 'formbuilder/{id...')
#8 C:\\Bitnami\\wampstack-7.3.10-0\\apache2\\Braddy\\vendor\\laravel\\framework\\src\\Illuminate\\Support\\Collection.php(815): Illuminate\\Support\\Arr::first(Array, Object(Closure), NULL)
#9 C:\\Bitnami\\wampstack-7.3.10-0\\apache2\\Braddy\\vendor\\laravel\\framework\\src\\Illuminate\\Routing\\RouteCollection.php(198): Illuminate\\Support\\Collection->first(Object(Closure))
#10 C:\\Bitnami\\wampstack-7.3.10-0\\apache2\\Braddy\\vendor\\laravel\\framework\\src\\Illuminate\\Routing\\RouteCollection.php(217): Illuminate\\Routing\\RouteCollection->matchAgainstRoutes(Object(Illuminate\\Support\\Collection), Object(Illuminate\\Http\\Request), false)
#11 C:\\Bitnami\\wampstack-7.3.10-0\\apache2\\Braddy\\vendor\\laravel\\framework\\src\\Illuminate\\Routing\\RouteCollection.php(173): Illuminate\\Routing\\RouteCollection->checkForAlternateVerbs(Object(Illuminate\\Http\\Request))
#12 C:\\Bitnami\\wampstack-7.3.10-0\\apache2\\Braddy\\vendor\\laravel\\framework\\src\\Illuminate\\Routing\\Router.php(634): Illuminate\\Routing\\RouteCollection->match(Object(Illuminate\\Http\\Request))
#13 C:\\Bitnami\\wampstack-7.3.10-0\\apache2\\Braddy\\vendor\\laravel\\framework\\src\\Illuminate\\Routing\\Router.php(623): Illuminate\\Routing\\Router->findRoute(Object(Illuminate\\Http\\Request))
#14 C:\\Bitnami\\wampstack-7.3.10-0\\apache2\\Braddy\\vendor\\laravel\\framework\\src\\Illuminate\\Routing\\Router.php(612): Illuminate\\Routing\\Router->dispatchToRoute(Object(Illuminate\\Http\\Request))
#15 C:\\Bitnami\\wampstack-7.3.10-0\\apache2\\Braddy\\vendor\\laravel\\framework\\src\\Illuminate\\Foundation\\Http\\Kernel.php(176): Illuminate\\Routing\\Router->dispatch(Object(Illuminate\\Http\\Request))
#16 C:\\Bitnami\\wampstack-7.3.10-0\\apache2\\Braddy\\vendor\\laravel\\framework\\src\\Illuminate\\Routing\\Pipeline.php(30): Illuminate\\Foundation\\Http\\Kernel->Illuminate\\Foundation\\Http\\{closure}(Object(Illuminate\\Http\\Request))
#17 C:\\Bitnami\\wampstack-7.3.10-0\\apache2\\Braddy\\vendor\\laravel\\framework\\src\\Illuminate\\Foundation\\Http\\Middleware\\TransformsRequest.php(21): Illuminate\\Routing\\Pipeline->Illuminate\\Routing\\{closure}(Object(Illuminate\\Http\\Request))
#18 C:\\Bitnami\\wampstack-7.3.10-0\\apache2\\Braddy\\vendor\\laravel\\framework\\src\\Illuminate\\Pipeline\\Pipeline.php(163): Illuminate\\Foundation\\Http\\Middleware\\TransformsRequest->handle(Object(Illuminate\\Http\\Request), Object(Closure))
#19 C:\\Bitnami\\wampstack-7.3.10-0\\apache2\\Braddy\\vendor\\laravel\\framework\\src\\Illuminate\\Routing\\Pipeline.php(53): Illuminate\\Pipeline\\Pipeline->Illuminate\\Pipeline\\{closure}(Object(Illuminate\\Http\\Request))
#20 C:\\Bitnami\\wampstack-7.3.10-0\\apache2\\Braddy\\vendor\\laravel\\framework\\src\\Illuminate\\Foundation\\Http\\Middleware\\TransformsRequest.php(21): Illuminate\\Routing\\Pipeline->Illuminate\\Routing\\{closure}(Object(Illuminate\\Http\\Request))
#21 C:\\Bitnami\\wampstack-7.3.10-0\\apache2\\Braddy\\vendor\\laravel\\framework\\src\\Illuminate\\Pipeline\\Pipeline.php(163): Illuminate\\Foundation\\Http\\Middleware\\TransformsRequest->handle(Object(Illuminate\\Http\\Request), Object(Closure))
#22 C:\\Bitnami\\wampstack-7.3.10-0\\apache2\\Braddy\\vendor\\laravel\\framework\\src\\Illuminate\\Routing\\Pipeline.php(53): Illuminate\\Pipeline\\Pipeline->Illuminate\\Pipeline\\{closure}(Object(Illuminate\\Http\\Request))
#23 C:\\Bitnami\\wampstack-7.3.10-0\\apache2\\Braddy\\vendor\\laravel\\framework\\src\\Illuminate\\Foundation\\Http\\Middleware\\ValidatePostSize.php(27): Illuminate\\Routing\\Pipeline->Illuminate\\Routing\\{closure}(Object(Illuminate\\Http\\Request))
#24 C:\\Bitnami\\wampstack-7.3.10-0\\apache2\\Braddy\\vendor\\laravel\\framework\\src\\Illuminate\\Pipeline\\Pipeline.php(163): Illuminate\\Foundation\\Http\\Middleware\\ValidatePostSize->handle(Object(Illuminate\\Http\\Request), Object(Closure))
#25 C:\\Bitnami\\wampstack-7.3.10-0\\apache2\\Braddy\\vendor\\laravel\\framework\\src\\Illuminate\\Routing\\Pipeline.php(53): Illuminate\\Pipeline\\Pipeline->Illuminate\\Pipeline\\{closure}(Object(Illuminate\\Http\\Request))
#26 C:\\Bitnami\\wampstack-7.3.10-0\\apache2\\Braddy\\vendor\\laravel\\framework\\src\\Illuminate\\Foundation\\Http\\Middleware\\CheckForMaintenanceMode.php(62): Illuminate\\Routing\\Pipeline->Illuminate\\Routing\\{closure}(Object(Illuminate\\Http\\Request))
#27 C:\\Bitnami\\wampstack-7.3.10-0\\apache2\\Braddy\\vendor\\laravel\\framework\\src\\Illuminate\\Pipeline\\Pipeline.php(163): Illuminate\\Foundation\\Http\\Middleware\\CheckForMaintenanceMode->handle(Object(Illuminate\\Http\\Request), Object(Closure))
#28 C:\\Bitnami\\wampstack-7.3.10-0\\apache2\\Braddy\\vendor\\laravel\\framework\\src\\Illuminate\\Routing\\Pipeline.php(53): Illuminate\\Pipeline\\Pipeline->Illuminate\\Pipeline\\{closure}(Object(Illuminate\\Http\\Request))
#29 C:\\Bitnami\\wampstack-7.3.10-0\\apache2\\Braddy\\vendor\\fideloper\\proxy\\src\\TrustProxies.php(57): Illuminate\\Routing\\Pipeline->Illuminate\\Routing\\{closure}(Object(Illuminate\\Http\\Request))
#30 C:\\Bitnami\\wampstack-7.3.10-0\\apache2\\Braddy\\vendor\\laravel\\framework\\src\\Illuminate\\Pipeline\\Pipeline.php(163): Fideloper\\Proxy\\TrustProxies->handle(Object(Illuminate\\Http\\Request), Object(Closure))
#31 C:\\Bitnami\\wampstack-7.3.10-0\\apache2\\Braddy\\vendor\\laravel\\framework\\src\\Illuminate\\Routing\\Pipeline.php(53): Illuminate\\Pipeline\\Pipeline->Illuminate\\Pipeline\\{closure}(Object(Illuminate\\Http\\Request))
#32 C:\\Bitnami\\wampstack-7.3.10-0\\apache2\\Braddy\\vendor\\laravel\\framework\\src\\Illuminate\\Pipeline\\Pipeline.php(104): Illuminate\\Routing\\Pipeline->Illuminate\\Routing\\{closure}(Object(Illuminate\\Http\\Request))
#33 C:\\Bitnami\\wampstack-7.3.10-0\\apache2\\Braddy\\vendor\\laravel\\framework\\src\\Illuminate\\Foundation\\Http\\Kernel.php(151): Illuminate\\Pipeline\\Pipeline->then(Object(Closure))
#34 C:\\Bitnami\\wampstack-7.3.10-0\\apache2\\Braddy\\vendor\\laravel\\framework\\src\\Illuminate\\Foundation\\Http\\Kernel.php(116): Illuminate\\Foundation\\Http\\Kernel->sendRequestThroughRouter(Object(Illuminate\\Http\\Request))
#35 C:\\Bitnami\\wampstack-7.3.10-0\\apache2\\htdocs\\braddy\\index.php(55): Illuminate\\Foundation\\Http\\Kernel->handle(Object(Illuminate\\Http\\Request))
#36 {main}
"} 
[2020-02-22 12:47:24] local.ERROR: Route pattern "/formbuilder/{id}/{{id}}" cannot reference variable name "id" more than once. {"exception":"[object] (LogicException(code: 0): Route pattern \"/formbuilder/{id}/{{id}}\" cannot reference variable name \"id\" more than once. at C:\\Bitnami\\wampstack-7.3.10-0\\apache2\\Braddy\\vendor\\symfony\outing\\RouteCompiler.php:138)
[stacktrace]
#0 C:\\Bitnami\\wampstack-7.3.10-0\\apache2\\Braddy\\vendor\\symfony\outing\\RouteCompiler.php(66): Symfony\\Component\\Routing\\RouteCompiler::compilePattern(Object(Symfony\\Component\\Routing\\Route), '/formbuilder/{i...', false)
#1 C:\\Bitnami\\wampstack-7.3.10-0\\apache2\\Braddy\\vendor\\symfony\outing\\Route.php(557): Symfony\\Component\\Routing\\RouteCompiler::compile(Object(Symfony\\Component\\Routing\\Route))
#2 C:\\Bitnami\\wampstack-7.3.10-0\\apache2\\Braddy\\vendor\\laravel\\framework\\src\\Illuminate\\Routing\\RouteCompiler.php(40): Symfony\\Component\\Routing\\Route->compile()
#3 C:\\Bitnami\\wampstack-7.3.10-0\\apache2\\Braddy\\vendor\\laravel\\framework\\src\\Illuminate\\Routing\\Route.php(291): Illuminate\\Routing\\RouteCompiler->compile()
#4 C:\\Bitnami\\wampstack-7.3.10-0\\apache2\\Braddy\\vendor\\laravel\\framework\\src\\Illuminate\\Routing\\Route.php(268): Illuminate\\Routing\\Route->compileRoute()
#5 C:\\Bitnami\\wampstack-7.3.10-0\\apache2\\Braddy\\vendor\\laravel\\framework\\src\\Illuminate\\Routing\\RouteCollection.php(197): Illuminate\\Routing\\Route->matches(Object(Illuminate\\Http\\Request), false)
#6 [internal function]: Illuminate\\Routing\\RouteCollection->Illuminate\\Routing\\{closure}(Object(Illuminate\\Routing\\Route), 'formbuilder/{id...')
#7 C:\\Bitnami\\wampstack-7.3.10-0\\apache2\\Braddy\\vendor\\laravel\\framework\\src\\Illuminate\\Support\\Arr.php(175): call_user_func(Object(Closure), Object(Illuminate\\Routing\\Route), 'formbuilder/{id...')
#8 C:\\Bitnami\\wampstack-7.3.10-0\\apache2\\Braddy\\vendor\\laravel\\framework\\src\\Illuminate\\Support\\Collection.php(815): Illuminate\\Support\\Arr::first(Array, Object(Closure), NULL)
#9 C:\\Bitnami\\wampstack-7.3.10-0\\apache2\\Braddy\\vendor\\laravel\\framework\\src\\Illuminate\\Routing\\RouteCollection.php(198): Illuminate\\Support\\Collection->first(Object(Closure))
#10 C:\\Bitnami\\wampstack-7.3.10-0\\apache2\\Braddy\\vendor\\laravel\\framework\\src\\Illuminate\\Routing\\RouteCollection.php(217): Illuminate\\Routing\\RouteCollection->matchAgainstRoutes(Object(Illuminate\\Support\\Collection), Object(Illuminate\\Http\\Request), false)
#11 C:\\Bitnami\\wampstack-7.3.10-0\\apache2\\Braddy\\vendor\\laravel\\framework\\src\\Illuminate\\Routing\\RouteCollection.php(173): Illuminate\\Routing\\RouteCollection->checkForAlternateVerbs(Object(Illuminate\\Http\\Request))
#12 C:\\Bitnami\\wampstack-7.3.10-0\\apache2\\Braddy\\vendor\\laravel\\framework\\src\\Illuminate\\Routing\\Router.php(634): Illuminate\\Routing\\RouteCollection->match(Object(Illuminate\\Http\\Request))
#13 C:\\Bitnami\\wampstack-7.3.10-0\\apache2\\Braddy\\vendor\\laravel\\framework\\src\\Illuminate\\Routing\\Router.php(623): Illuminate\\Routing\\Router->findRoute(Object(Illuminate\\Http\\Request))
#14 C:\\Bitnami\\wampstack-7.3.10-0\\apache2\\Braddy\\vendor\\laravel\\framework\\src\\Illuminate\\Routing\\Router.php(612): Illuminate\\Routing\\Router->dispatchToRoute(Object(Illuminate\\Http\\Request))
#15 C:\\Bitnami\\wampstack-7.3.10-0\\apache2\\Braddy\\vendor\\laravel\\framework\\src\\Illuminate\\Foundation\\Http\\Kernel.php(176): Illuminate\\Routing\\Router->dispatch(Object(Illuminate\\Http\\Request))
#16 C:\\Bitnami\\wampstack-7.3.10-0\\apache2\\Braddy\\vendor\\laravel\\framework\\src\\Illuminate\\Routing\\Pipeline.php(30): Illuminate\\Foundation\\Http\\Kernel->Illuminate\\Foundation\\Http\\{closure}(Object(Illuminate\\Http\\Request))
#17 C:\\Bitnami\\wampstack-7.3.10-0\\apache2\\Braddy\\vendor\\laravel\\framework\\src\\Illuminate\\Foundation\\Http\\Middleware\\TransformsRequest.php(21): Illuminate\\Routing\\Pipeline->Illuminate\\Routing\\{closure}(Object(Illuminate\\Http\\Request))
#18 C:\\Bitnami\\wampstack-7.3.10-0\\apache2\\Braddy\\vendor\\laravel\\framework\\src\\Illuminate\\Pipeline\\Pipeline.php(163): Illuminate\\Foundation\\Http\\Middleware\\TransformsRequest->handle(Object(Illuminate\\Http\\Request), Object(Closure))
#19 C:\\Bitnami\\wampstack-7.3.10-0\\apache2\\Braddy\\vendor\\laravel\\framework\\src\\Illuminate\\Routing\\Pipeline.php(53): Illuminate\\Pipeline\\Pipeline->Illuminate\\Pipeline\\{closure}(Object(Illuminate\\Http\\Request))
#20 C:\\Bitnami\\wampstack-7.3.10-0\\apache2\\Braddy\\vendor\\laravel\\framework\\src\\Illuminate\\Foundation\\Http\\Middleware\\TransformsRequest.php(21): Illuminate\\Routing\\Pipeline->Illuminate\\Routing\\{closure}(Object(Illuminate\\Http\\Request))
#21 C:\\Bitnami\\wampstack-7.3.10-0\\apache2\\Braddy\\vendor\\laravel\\framework\\src\\Illuminate\\Pipeline\\Pipeline.php(163): Illuminate\\Foundation\\Http\\Middleware\\TransformsRequest->handle(Object(Illuminate\\Http\\Request), Object(Closure))
#22 C:\\Bitnami\\wampstack-7.3.10-0\\apache2\\Braddy\\vendor\\laravel\\framework\\src\\Illuminate\\Routing\\Pipeline.php(53): Illuminate\\Pipeline\\Pipeline->Illuminate\\Pipeline\\{closure}(Object(Illuminate\\Http\\Request))
#23 C:\\Bitnami\\wampstack-7.3.10-0\\apache2\\Braddy\\vendor\\laravel\\framework\\src\\Illuminate\\Foundation\\Http\\Middleware\\ValidatePostSize.php(27): Illuminate\\Routing\\Pipeline->Illuminate\\Routing\\{closure}(Object(Illuminate\\Http\\Request))
#24 C:\\Bitnami\\wampstack-7.3.10-0\\apache2\\Braddy\\vendor\\laravel\\framework\\src\\Illuminate\\Pipeline\\Pipeline.php(163): Illuminate\\Foundation\\Http\\Middleware\\ValidatePostSize->handle(Object(Illuminate\\Http\\Request), Object(Closure))
#25 C:\\Bitnami\\wampstack-7.3.10-0\\apache2\\Braddy\\vendor\\laravel\\framework\\src\\Illuminate\\Routing\\Pipeline.php(53): Illuminate\\Pipeline\\Pipeline->Illuminate\\Pipeline\\{closure}(Object(Illuminate\\Http\\Request))
#26 C:\\Bitnami\\wampstack-7.3.10-0\\apache2\\Braddy\\vendor\\laravel\\framework\\src\\Illuminate\\Foundation\\Http\\Middleware\\CheckForMaintenanceMode.php(62): Illuminate\\Routing\\Pipeline->Illuminate\\Routing\\{closure}(Object(Illuminate\\Http\\Request))
#27 C:\\Bitnami\\wampstack-7.3.10-0\\apache2\\Braddy\\vendor\\laravel\\framework\\src\\Illuminate\\Pipeline\\Pipeline.php(163): Illuminate\\Foundation\\Http\\Middleware\\CheckForMaintenanceMode->handle(Object(Illuminate\\Http\\Request), Object(Closure))
#28 C:\\Bitnami\\wampstack-7.3.10-0\\apache2\\Braddy\\vendor\\laravel\\framework\\src\\Illuminate\\Routing\\Pipeline.php(53): Illuminate\\Pipeline\\Pipeline->Illuminate\\Pipeline\\{closure}(Object(Illuminate\\Http\\Request))
#29 C:\\Bitnami\\wampstack-7.3.10-0\\apache2\\Braddy\\vendor\\fideloper\\proxy\\src\\TrustProxies.php(57): Illuminate\\Routing\\Pipeline->Illuminate\\Routing\\{closure}(Object(Illuminate\\Http\\Request))
#30 C:\\Bitnami\\wampstack-7.3.10-0\\apache2\\Braddy\\vendor\\laravel\\framework\\src\\Illuminate\\Pipeline\\Pipeline.php(163): Fideloper\\Proxy\\TrustProxies->handle(Object(Illuminate\\Http\\Request), Object(Closure))
#31 C:\\Bitnami\\wampstack-7.3.10-0\\apache2\\Braddy\\vendor\\laravel\\framework\\src\\Illuminate\\Routing\\Pipeline.php(53): Illuminate\\Pipeline\\Pipeline->Illuminate\\Pipeline\\{closure}(Object(Illuminate\\Http\\Request))
#32 C:\\Bitnami\\wampstack-7.3.10-0\\apache2\\Braddy\\vendor\\laravel\\framework\\src\\Illuminate\\Pipeline\\Pipeline.php(104): Illuminate\\Routing\\Pipeline->Illuminate\\Routing\\{closure}(Object(Illuminate\\Http\\Request))
#33 C:\\Bitnami\\wampstack-7.3.10-0\\apache2\\Braddy\\vendor\\laravel\\framework\\src\\Illuminate\\Foundation\\Http\\Kernel.php(151): Illuminate\\Pipeline\\Pipeline->then(Object(Closure))
#34 C:\\Bitnami\\wampstack-7.3.10-0\\apache2\\Braddy\\vendor\\laravel\\framework\\src\\Illuminate\\Foundation\\Http\\Kernel.php(116): Illuminate\\Foundation\\Http\\Kernel->sendRequestThroughRouter(Object(Illuminate\\Http\\Request))
#35 C:\\Bitnami\\wampstack-7.3.10-0\\apache2\\htdocs\\braddy\\index.php(55): Illuminate\\Foundation\\Http\\Kernel->handle(Object(Illuminate\\Http\\Request))
#36 {main}
"} 
[2020-02-22 12:48:12] production.ERROR: No application encryption key has been specified. {"exception":"[object] (RuntimeException(code: 0): No application encryption key has been specified. at C:\\Bitnami\\wampstack-7.3.10-0\\apache2\\Braddy\\vendor\\laravel\\framework\\src\\Illuminate\\Encryption\\EncryptionServiceProvider.php:44)
[stacktrace]
#0 C:\\Bitnami\\wampstack-7.3.10-0\\apache2\\Braddy\\vendor\\laravel\\framework\\src\\Illuminate\\Support\\helpers.php(1124): Illuminate\\Encryption\\EncryptionServiceProvider->Illuminate\\Encryption\\{closure}(NULL)
#1 C:\\Bitnami\\wampstack-7.3.10-0\\apache2\\Braddy\\vendor\\laravel\\framework\\src\\Illuminate\\Encryption\\EncryptionServiceProvider.php(48): tap(NULL, Object(Closure))
#2 C:\\Bitnami\\wampstack-7.3.10-0\\apache2\\Braddy\\vendor\\laravel\\framework\\src\\Illuminate\\Encryption\\EncryptionServiceProvider.php(24): Illuminate\\Encryption\\EncryptionServiceProvider->key(Array)
#3 C:\\Bitnami\\wampstack-7.3.10-0\\apache2\\Braddy\\vendor\\laravel\\framework\\src\\Illuminate\\Container\\Container.php(785): Illuminate\\Encryption\\EncryptionServiceProvider->Illuminate\\Encryption\\{closure}(Object(Illuminate\\Foundation\\Application), Array)
#4 C:\\Bitnami\\wampstack-7.3.10-0\\apache2\\Braddy\\vendor\\laravel\\framework\\src\\Illuminate\\Container\\Container.php(667): Illuminate\\Container\\Container->build(Object(Closure))
#5 C:\\Bitnami\\wampstack-7.3.10-0\\apache2\\Braddy\\vendor\\laravel\\framework\\src\\Illuminate\\Container\\Container.php(615): Illuminate\\Container\\Container->resolve('encrypter', Array)
#6 C:\\Bitnami\\wampstack-7.3.10-0\\apache2\\Braddy\\vendor\\laravel\\framework\\src\\Illuminate\\Foundation\\Application.php(767): Illuminate\\Container\\Container->make('encrypter', Array)
#7 C:\\Bitnami\\wampstack-7.3.10-0\\apache2\\Braddy\\vendor\\laravel\\framework\\src\\Illuminate\\Container\\Container.php(927): Illuminate\\Foundation\\Application->make('encrypter')
#8 C:\\Bitnami\\wampstack-7.3.10-0\\apache2\\Braddy\\vendor\\laravel\\framework\\src\\Illuminate\\Container\\Container.php(855): Illuminate\\Container\\Container->resolveClass(Object(ReflectionParameter))
#9 C:\\Bitnami\\wampstack-7.3.10-0\\apache2\\Braddy\\vendor\\laravel\\framework\\src\\Illuminate\\Container\\Container.php(816): Illuminate\\Container\\Container->resolveDependencies(Array)
#10 C:\\Bitnami\\wampstack-7.3.10-0\\apache2\\Braddy\\vendor\\laravel\\framework\\src\\Illuminate\\Container\\Container.php(667): Illuminate\\Container\\Container->build('App\\\\Http\\\\Middle...')
#11 C:\\Bitnami\\wampstack-7.3.10-0\\apache2\\Braddy\\vendor\\laravel\\framework\\src\\Illuminate\\Container\\Container.php(615): Illuminate\\Container\\Container->resolve('App\\\\Http\\\\Middle...', Array)
#12 C:\\Bitnami\\wampstack-7.3.10-0\\apache2\\Braddy\\vendor\\laravel\\framework\\src\\Illuminate\\Foundation\\Application.php(767): Illuminate\\Container\\Container->make('App\\\\Http\\\\Middle...', Array)
#13 C:\\Bitnami\\wampstack-7.3.10-0\\apache2\\Braddy\\vendor\\laravel\\framework\\src\\Illuminate\\Pipeline\\Pipeline.php(152): Illuminate\\Foundation\\Application->make('App\\\\Http\\\\Middle...')
#14 C:\\Bitnami\\wampstack-7.3.10-0\\apache2\\Braddy\\vendor\\laravel\\framework\\src\\Illuminate\\Routing\\Pipeline.php(53): Illuminate\\Pipeline\\Pipeline->Illuminate\\Pipeline\\{closure}(Object(Illuminate\\Http\\Request))
#15 C:\\Bitnami\\wampstack-7.3.10-0\\apache2\\Braddy\\vendor\\laravel\\framework\\src\\Illuminate\\Pipeline\\Pipeline.php(104): Illuminate\\Routing\\Pipeline->Illuminate\\Routing\\{closure}(Object(Illuminate\\Http\\Request))
#16 C:\\Bitnami\\wampstack-7.3.10-0\\apache2\\Braddy\\vendor\\laravel\\framework\\src\\Illuminate\\Routing\\Router.php(682): Illuminate\\Pipeline\\Pipeline->then(Object(Closure))
#17 C:\\Bitnami\\wampstack-7.3.10-0\\apache2\\Braddy\\vendor\\laravel\\framework\\src\\Illuminate\\Routing\\Router.php(657): Illuminate\\Routing\\Router->runRouteWithinStack(Object(Illuminate\\Routing\\Route), Object(Illuminate\\Http\\Request))
#18 C:\\Bitnami\\wampstack-7.3.10-0\\apache2\\Braddy\\vendor\\laravel\\framework\\src\\Illuminate\\Routing\\Router.php(623): Illuminate\\Routing\\Router->runRoute(Object(Illuminate\\Http\\Request), Object(Illuminate\\Routing\\Route))
#19 C:\\Bitnami\\wampstack-7.3.10-0\\apache2\\Braddy\\vendor\\laravel\\framework\\src\\Illuminate\\Routing\\Router.php(612): Illuminate\\Routing\\Router->dispatchToRoute(Object(Illuminate\\Http\\Request))
#20 C:\\Bitnami\\wampstack-7.3.10-0\\apache2\\Braddy\\vendor\\laravel\\framework\\src\\Illuminate\\Foundation\\Http\\Kernel.php(176): Illuminate\\Routing\\Router->dispatch(Object(Illuminate\\Http\\Request))
#21 C:\\Bitnami\\wampstack-7.3.10-0\\apache2\\Braddy\\vendor\\laravel\\framework\\src\\Illuminate\\Routing\\Pipeline.php(30): Illuminate\\Foundation\\Http\\Kernel->Illuminate\\Foundation\\Http\\{closure}(Object(Illuminate\\Http\\Request))
#22 C:\\Bitnami\\wampstack-7.3.10-0\\apache2\\Braddy\\vendor\\laravel\\framework\\src\\Illuminate\\Foundation\\Http\\Middleware\\TransformsRequest.php(21): Illuminate\\Routing\\Pipeline->Illuminate\\Routing\\{closure}(Object(Illuminate\\Http\\Request))
#23 C:\\Bitnami\\wampstack-7.3.10-0\\apache2\\Braddy\\vendor\\laravel\\framework\\src\\Illuminate\\Pipeline\\Pipeline.php(163): Illuminate\\Foundation\\Http\\Middleware\\TransformsRequest->handle(Object(Illuminate\\Http\\Request), Object(Closure))
#24 C:\\Bitnami\\wampstack-7.3.10-0\\apache2\\Braddy\\vendor\\laravel\\framework\\src\\Illuminate\\Routing\\Pipeline.php(53): Illuminate\\Pipeline\\Pipeline->Illuminate\\Pipeline\\{closure}(Object(Illuminate\\Http\\Request))
#25 C:\\Bitnami\\wampstack-7.3.10-0\\apache2\\Braddy\\vendor\\laravel\\framework\\src\\Illuminate\\Foundation\\Http\\Middleware\\TransformsRequest.php(21): Illuminate\\Routing\\Pipeline->Illuminate\\Routing\\{closure}(Object(Illuminate\\Http\\Request))
#26 C:\\Bitnami\\wampstack-7.3.10-0\\apache2\\Braddy\\vendor\\laravel\\framework\\src\\Illuminate\\Pipeline\\Pipeline.php(163): Illuminate\\Foundation\\Http\\Middleware\\TransformsRequest->handle(Object(Illuminate\\Http\\Request), Object(Closure))
#27 C:\\Bitnami\\wampstack-7.3.10-0\\apache2\\Braddy\\vendor\\laravel\\framework\\src\\Illuminate\\Routing\\Pipeline.php(53): Illuminate\\Pipeline\\Pipeline->Illuminate\\Pipeline\\{closure}(Object(Illuminate\\Http\\Request))
#28 C:\\Bitnami\\wampstack-7.3.10-0\\apache2\\Braddy\\vendor\\laravel\\framework\\src\\Illuminate\\Foundation\\Http\\Middleware\\ValidatePostSize.php(27): Illuminate\\Routing\\Pipeline->Illuminate\\Routing\\{closure}(Object(Illuminate\\Http\\Request))
#29 C:\\Bitnami\\wampstack-7.3.10-0\\apache2\\Braddy\\vendor\\laravel\\framework\\src\\Illuminate\\Pipeline\\Pipeline.php(163): Illuminate\\Foundation\\Http\\Middleware\\ValidatePostSize->handle(Object(Illuminate\\Http\\Request), Object(Closure))
#30 C:\\Bitnami\\wampstack-7.3.10-0\\apache2\\Braddy\\vendor\\laravel\\framework\\src\\Illuminate\\Routing\\Pipeline.php(53): Illuminate\\Pipeline\\Pipeline->Illuminate\\Pipeline\\{closure}(Object(Illuminate\\Http\\Request))
#31 C:\\Bitnami\\wampstack-7.3.10-0\\apache2\\Braddy\\vendor\\laravel\\framework\\src\\Illuminate\\Foundation\\Http\\Middleware\\CheckForMaintenanceMode.php(62): Illuminate\\Routing\\Pipeline->Illuminate\\Routing\\{closure}(Object(Illuminate\\Http\\Request))
#32 C:\\Bitnami\\wampstack-7.3.10-0\\apache2\\Braddy\\vendor\\laravel\\framework\\src\\Illuminate\\Pipeline\\Pipeline.php(163): Illuminate\\Foundation\\Http\\Middleware\\CheckForMaintenanceMode->handle(Object(Illuminate\\Http\\Request), Object(Closure))
#33 C:\\Bitnami\\wampstack-7.3.10-0\\apache2\\Braddy\\vendor\\laravel\\framework\\src\\Illuminate\\Routing\\Pipeline.php(53): Illuminate\\Pipeline\\Pipeline->Illuminate\\Pipeline\\{closure}(Object(Illuminate\\Http\\Request))
#34 C:\\Bitnami\\wampstack-7.3.10-0\\apache2\\Braddy\\vendor\\fideloper\\proxy\\src\\TrustProxies.php(57): Illuminate\\Routing\\Pipeline->Illuminate\\Routing\\{closure}(Object(Illuminate\\Http\\Request))
#35 C:\\Bitnami\\wampstack-7.3.10-0\\apache2\\Braddy\\vendor\\laravel\\framework\\src\\Illuminate\\Pipeline\\Pipeline.php(163): Fideloper\\Proxy\\TrustProxies->handle(Object(Illuminate\\Http\\Request), Object(Closure))
#36 C:\\Bitnami\\wampstack-7.3.10-0\\apache2\\Braddy\\vendor\\laravel\\framework\\src\\Illuminate\\Routing\\Pipeline.php(53): Illuminate\\Pipeline\\Pipeline->Illuminate\\Pipeline\\{closure}(Object(Illuminate\\Http\\Request))
#37 C:\\Bitnami\\wampstack-7.3.10-0\\apache2\\Braddy\\vendor\\laravel\\framework\\src\\Illuminate\\Pipeline\\Pipeline.php(104): Illuminate\\Routing\\Pipeline->Illuminate\\Routing\\{closure}(Object(Illuminate\\Http\\Request))
#38 C:\\Bitnami\\wampstack-7.3.10-0\\apache2\\Braddy\\vendor\\laravel\\framework\\src\\Illuminate\\Foundation\\Http\\Kernel.php(151): Illuminate\\Pipeline\\Pipeline->then(Object(Closure))
#39 C:\\Bitnami\\wampstack-7.3.10-0\\apache2\\Braddy\\vendor\\laravel\\framework\\src\\Illuminate\\Foundation\\Http\\Kernel.php(116): Illuminate\\Foundation\\Http\\Kernel->sendRequestThroughRouter(Object(Illuminate\\Http\\Request))
#40 C:\\Bitnami\\wampstack-7.3.10-0\\apache2\\htdocs\\braddy\\index.php(55): Illuminate\\Foundation\\Http\\Kernel->handle(Object(Illuminate\\Http\\Request))
#41 {main}
"} 
[2020-02-22 12:48:12] production.ERROR: No application encryption key has been specified. {"exception":"[object] (RuntimeException(code: 0): No application encryption key has been specified. at C:\\Bitnami\\wampstack-7.3.10-0\\apache2\\Braddy\\vendor\\laravel\\framework\\src\\Illuminate\\Encryption\\EncryptionServiceProvider.php:44)
[stacktrace]
#0 C:\\Bitnami\\wampstack-7.3.10-0\\apache2\\Braddy\\vendor\\laravel\\framework\\src\\Illuminate\\Support\\helpers.php(1124): Illuminate\\Encryption\\EncryptionServiceProvider->Illuminate\\Encryption\\{closure}(NULL)
#1 C:\\Bitnami\\wampstack-7.3.10-0\\apache2\\Braddy\\vendor\\laravel\\framework\\src\\Illuminate\\Encryption\\EncryptionServiceProvider.php(48): tap(NULL, Object(Closure))
#2 C:\\Bitnami\\wampstack-7.3.10-0\\apache2\\Braddy\\vendor\\laravel\\framework\\src\\Illuminate\\Encryption\\EncryptionServiceProvider.php(24): Illuminate\\Encryption\\EncryptionServiceProvider->key(Array)
#3 C:\\Bitnami\\wampstack-7.3.10-0\\apache2\\Braddy\\vendor\\laravel\\framework\\src\\Illuminate\\Container\\Container.php(785): Illuminate\\Encryption\\EncryptionServiceProvider->Illuminate\\Encryption\\{closure}(Object(Illuminate\\Foundation\\Application), Array)
#4 C:\\Bitnami\\wampstack-7.3.10-0\\apache2\\Braddy\\vendor\\laravel\\framework\\src\\Illuminate\\Container\\Container.php(667): Illuminate\\Container\\Container->build(Object(Closure))
#5 C:\\Bitnami\\wampstack-7.3.10-0\\apache2\\Braddy\\vendor\\laravel\\framework\\src\\Illuminate\\Container\\Container.php(615): Illuminate\\Container\\Container->resolve('encrypter', Array)
#6 C:\\Bitnami\\wampstack-7.3.10-0\\apache2\\Braddy\\vendor\\laravel\\framework\\src\\Illuminate\\Foundation\\Application.php(767): Illuminate\\Container\\Container->make('encrypter', Array)
#7 C:\\Bitnami\\wampstack-7.3.10-0\\apache2\\Braddy\\vendor\\laravel\\framework\\src\\Illuminate\\Container\\Container.php(927): Illuminate\\Foundation\\Application->make('encrypter')
#8 C:\\Bitnami\\wampstack-7.3.10-0\\apache2\\Braddy\\vendor\\laravel\\framework\\src\\Illuminate\\Container\\Container.php(855): Illuminate\\Container\\Container->resolveClass(Object(ReflectionParameter))
#9 C:\\Bitnami\\wampstack-7.3.10-0\\apache2\\Braddy\\vendor\\laravel\\framework\\src\\Illuminate\\Container\\Container.php(816): Illuminate\\Container\\Container->resolveDependencies(Array)
#10 C:\\Bitnami\\wampstack-7.3.10-0\\apache2\\Braddy\\vendor\\laravel\\framework\\src\\Illuminate\\Container\\Container.php(667): Illuminate\\Container\\Container->build('App\\\\Http\\\\Middle...')
#11 C:\\Bitnami\\wampstack-7.3.10-0\\apache2\\Braddy\\vendor\\laravel\\framework\\src\\Illuminate\\Container\\Container.php(615): Illuminate\\Container\\Container->resolve('App\\\\Http\\\\Middle...', Array)
#12 C:\\Bitnami\\wampstack-7.3.10-0\\apache2\\Braddy\\vendor\\laravel\\framework\\src\\Illuminate\\Foundation\\Application.php(767): Illuminate\\Container\\Container->make('App\\\\Http\\\\Middle...', Array)
#13 C:\\Bitnami\\wampstack-7.3.10-0\\apache2\\Braddy\\vendor\\laravel\\framework\\src\\Illuminate\\Foundation\\Http\\Kernel.php(215): Illuminate\\Foundation\\Application->make('App\\\\Http\\\\Middle...')
#14 C:\\Bitnami\\wampstack-7.3.10-0\\apache2\\Braddy\\vendor\\laravel\\framework\\src\\Illuminate\\Foundation\\Http\\Kernel.php(189): Illuminate\\Foundation\\Http\\Kernel->terminateMiddleware(Object(Illuminate\\Http\\Request), Object(Illuminate\\Http\\Response))
#15 C:\\Bitnami\\wampstack-7.3.10-0\\apache2\\htdocs\\braddy\\index.php(60): Illuminate\\Foundation\\Http\\Kernel->terminate(Object(Illuminate\\Http\\Request), Object(Illuminate\\Http\\Response))
#16 {main}
"} 
[2020-02-22 15:16:03] local.ERROR: Route pattern "/formbuilder/{id}/{{id}}" cannot reference variable name "id" more than once. {"exception":"[object] (LogicException(code: 0): Route pattern \"/formbuilder/{id}/{{id}}\" cannot reference variable name \"id\" more than once. at C:\\Bitnami\\wampstack-7.3.10-0\\apache2\\Braddy\\vendor\\symfony\outing\\RouteCompiler.php:138)
[stacktrace]
#0 C:\\Bitnami\\wampstack-7.3.10-0\\apache2\\Braddy\\vendor\\symfony\outing\\RouteCompiler.php(66): Symfony\\Component\\Routing\\RouteCompiler::compilePattern(Object(Symfony\\Component\\Routing\\Route), '/formbuilder/{i...', false)
#1 C:\\Bitnami\\wampstack-7.3.10-0\\apache2\\Braddy\\vendor\\symfony\outing\\Route.php(557): Symfony\\Component\\Routing\\RouteCompiler::compile(Object(Symfony\\Component\\Routing\\Route))
#2 C:\\Bitnami\\wampstack-7.3.10-0\\apache2\\Braddy\\vendor\\laravel\\framework\\src\\Illuminate\\Routing\\RouteCompiler.php(40): Symfony\\Component\\Routing\\Route->compile()
#3 C:\\Bitnami\\wampstack-7.3.10-0\\apache2\\Braddy\\vendor\\laravel\\framework\\src\\Illuminate\\Routing\\Route.php(291): Illuminate\\Routing\\RouteCompiler->compile()
#4 C:\\Bitnami\\wampstack-7.3.10-0\\apache2\\Braddy\\vendor\\laravel\\framework\\src\\Illuminate\\Routing\\Route.php(268): Illuminate\\Routing\\Route->compileRoute()
#5 C:\\Bitnami\\wampstack-7.3.10-0\\apache2\\Braddy\\vendor\\laravel\\framework\\src\\Illuminate\\Routing\\RouteCollection.php(197): Illuminate\\Routing\\Route->matches(Object(Illuminate\\Http\\Request), false)
#6 [internal function]: Illuminate\\Routing\\RouteCollection->Illuminate\\Routing\\{closure}(Object(Illuminate\\Routing\\Route), 'formbuilder/{id...')
#7 C:\\Bitnami\\wampstack-7.3.10-0\\apache2\\Braddy\\vendor\\laravel\\framework\\src\\Illuminate\\Support\\Arr.php(175): call_user_func(Object(Closure), Object(Illuminate\\Routing\\Route), 'formbuilder/{id...')
#8 C:\\Bitnami\\wampstack-7.3.10-0\\apache2\\Braddy\\vendor\\laravel\\framework\\src\\Illuminate\\Support\\Collection.php(815): Illuminate\\Support\\Arr::first(Array, Object(Closure), NULL)
#9 C:\\Bitnami\\wampstack-7.3.10-0\\apache2\\Braddy\\vendor\\laravel\\framework\\src\\Illuminate\\Routing\\RouteCollection.php(198): Illuminate\\Support\\Collection->first(Object(Closure))
#10 C:\\Bitnami\\wampstack-7.3.10-0\\apache2\\Braddy\\vendor\\laravel\\framework\\src\\Illuminate\\Routing\\RouteCollection.php(217): Illuminate\\Routing\\RouteCollection->matchAgainstRoutes(Object(Illuminate\\Support\\Collection), Object(Illuminate\\Http\\Request), false)
#11 C:\\Bitnami\\wampstack-7.3.10-0\\apache2\\Braddy\\vendor\\laravel\\framework\\src\\Illuminate\\Routing\\RouteCollection.php(173): Illuminate\\Routing\\RouteCollection->checkForAlternateVerbs(Object(Illuminate\\Http\\Request))
#12 C:\\Bitnami\\wampstack-7.3.10-0\\apache2\\Braddy\\vendor\\laravel\\framework\\src\\Illuminate\\Routing\\Router.php(634): Illuminate\\Routing\\RouteCollection->match(Object(Illuminate\\Http\\Request))
#13 C:\\Bitnami\\wampstack-7.3.10-0\\apache2\\Braddy\\vendor\\laravel\\framework\\src\\Illuminate\\Routing\\Router.php(623): Illuminate\\Routing\\Router->findRoute(Object(Illuminate\\Http\\Request))
#14 C:\\Bitnami\\wampstack-7.3.10-0\\apache2\\Braddy\\vendor\\laravel\\framework\\src\\Illuminate\\Routing\\Router.php(612): Illuminate\\Routing\\Router->dispatchToRoute(Object(Illuminate\\Http\\Request))
#15 C:\\Bitnami\\wampstack-7.3.10-0\\apache2\\Braddy\\vendor\\laravel\\framework\\src\\Illuminate\\Foundation\\Http\\Kernel.php(176): Illuminate\\Routing\\Router->dispatch(Object(Illuminate\\Http\\Request))
#16 C:\\Bitnami\\wampstack-7.3.10-0\\apache2\\Braddy\\vendor\\laravel\\framework\\src\\Illuminate\\Routing\\Pipeline.php(30): Illuminate\\Foundation\\Http\\Kernel->Illuminate\\Foundation\\Http\\{closure}(Object(Illuminate\\Http\\Request))
#17 C:\\Bitnami\\wampstack-7.3.10-0\\apache2\\Braddy\\vendor\\laravel\\framework\\src\\Illuminate\\Foundation\\Http\\Middleware\\TransformsRequest.php(21): Illuminate\\Routing\\Pipeline->Illuminate\\Routing\\{closure}(Object(Illuminate\\Http\\Request))
#18 C:\\Bitnami\\wampstack-7.3.10-0\\apache2\\Braddy\\vendor\\laravel\\framework\\src\\Illuminate\\Pipeline\\Pipeline.php(163): Illuminate\\Foundation\\Http\\Middleware\\TransformsRequest->handle(Object(Illuminate\\Http\\Request), Object(Closure))
#19 C:\\Bitnami\\wampstack-7.3.10-0\\apache2\\Braddy\\vendor\\laravel\\framework\\src\\Illuminate\\Routing\\Pipeline.php(53): Illuminate\\Pipeline\\Pipeline->Illuminate\\Pipeline\\{closure}(Object(Illuminate\\Http\\Request))
#20 C:\\Bitnami\\wampstack-7.3.10-0\\apache2\\Braddy\\vendor\\laravel\\framework\\src\\Illuminate\\Foundation\\Http\\Middleware\\TransformsRequest.php(21): Illuminate\\Routing\\Pipeline->Illuminate\\Routing\\{closure}(Object(Illuminate\\Http\\Request))
#21 C:\\Bitnami\\wampstack-7.3.10-0\\apache2\\Braddy\\vendor\\laravel\\framework\\src\\Illuminate\\Pipeline\\Pipeline.php(163): Illuminate\\Foundation\\Http\\Middleware\\TransformsRequest->handle(Object(Illuminate\\Http\\Request), Object(Closure))
#22 C:\\Bitnami\\wampstack-7.3.10-0\\apache2\\Braddy\\vendor\\laravel\\framework\\src\\Illuminate\\Routing\\Pipeline.php(53): Illuminate\\Pipeline\\Pipeline->Illuminate\\Pipeline\\{closure}(Object(Illuminate\\Http\\Request))
#23 C:\\Bitnami\\wampstack-7.3.10-0\\apache2\\Braddy\\vendor\\laravel\\framework\\src\\Illuminate\\Foundation\\Http\\Middleware\\ValidatePostSize.php(27): Illuminate\\Routing\\Pipeline->Illuminate\\Routing\\{closure}(Object(Illuminate\\Http\\Request))
#24 C:\\Bitnami\\wampstack-7.3.10-0\\apache2\\Braddy\\vendor\\laravel\\framework\\src\\Illuminate\\Pipeline\\Pipeline.php(163): Illuminate\\Foundation\\Http\\Middleware\\ValidatePostSize->handle(Object(Illuminate\\Http\\Request), Object(Closure))
#25 C:\\Bitnami\\wampstack-7.3.10-0\\apache2\\Braddy\\vendor\\laravel\\framework\\src\\Illuminate\\Routing\\Pipeline.php(53): Illuminate\\Pipeline\\Pipeline->Illuminate\\Pipeline\\{closure}(Object(Illuminate\\Http\\Request))
#26 C:\\Bitnami\\wampstack-7.3.10-0\\apache2\\Braddy\\vendor\\laravel\\framework\\src\\Illuminate\\Foundation\\Http\\Middleware\\CheckForMaintenanceMode.php(62): Illuminate\\Routing\\Pipeline->Illuminate\\Routing\\{closure}(Object(Illuminate\\Http\\Request))
#27 C:\\Bitnami\\wampstack-7.3.10-0\\apache2\\Braddy\\vendor\\laravel\\framework\\src\\Illuminate\\Pipeline\\Pipeline.php(163): Illuminate\\Foundation\\Http\\Middleware\\CheckForMaintenanceMode->handle(Object(Illuminate\\Http\\Request), Object(Closure))
#28 C:\\Bitnami\\wampstack-7.3.10-0\\apache2\\Braddy\\vendor\\laravel\\framework\\src\\Illuminate\\Routing\\Pipeline.php(53): Illuminate\\Pipeline\\Pipeline->Illuminate\\Pipeline\\{closure}(Object(Illuminate\\Http\\Request))
#29 C:\\Bitnami\\wampstack-7.3.10-0\\apache2\\Braddy\\vendor\\fideloper\\proxy\\src\\TrustProxies.php(57): Illuminate\\Routing\\Pipeline->Illuminate\\Routing\\{closure}(Object(Illuminate\\Http\\Request))
#30 C:\\Bitnami\\wampstack-7.3.10-0\\apache2\\Braddy\\vendor\\laravel\\framework\\src\\Illuminate\\Pipeline\\Pipeline.php(163): Fideloper\\Proxy\\TrustProxies->handle(Object(Illuminate\\Http\\Request), Object(Closure))
#31 C:\\Bitnami\\wampstack-7.3.10-0\\apache2\\Braddy\\vendor\\laravel\\framework\\src\\Illuminate\\Routing\\Pipeline.php(53): Illuminate\\Pipeline\\Pipeline->Illuminate\\Pipeline\\{closure}(Object(Illuminate\\Http\\Request))
#32 C:\\Bitnami\\wampstack-7.3.10-0\\apache2\\Braddy\\vendor\\laravel\\framework\\src\\Illuminate\\Pipeline\\Pipeline.php(104): Illuminate\\Routing\\Pipeline->Illuminate\\Routing\\{closure}(Object(Illuminate\\Http\\Request))
#33 C:\\Bitnami\\wampstack-7.3.10-0\\apache2\\Braddy\\vendor\\laravel\\framework\\src\\Illuminate\\Foundation\\Http\\Kernel.php(151): Illuminate\\Pipeline\\Pipeline->then(Object(Closure))
#34 C:\\Bitnami\\wampstack-7.3.10-0\\apache2\\Braddy\\vendor\\laravel\\framework\\src\\Illuminate\\Foundation\\Http\\Kernel.php(116): Illuminate\\Foundation\\Http\\Kernel->sendRequestThroughRouter(Object(Illuminate\\Http\\Request))
#35 C:\\Bitnami\\wampstack-7.3.10-0\\apache2\\htdocs\\braddy\\index.php(55): Illuminate\\Foundation\\Http\\Kernel->handle(Object(Illuminate\\Http\\Request))
#36 {main}
"} 
