[2020-01-23 06:38:10] local.ERROR: Route pattern "/formbuilder/{id}/{{id}}" cannot reference variable name "id" more than once. {"exception":"[object] (LogicException(code: 0): Route pattern \"/formbuilder/{id}/{{id}}\" cannot reference variable name \"id\" more than once. at /Users/dapborlangmarwein/www/test/vendor/symfony/routing/RouteCompiler.php:138)
[stacktrace]
#0 /Users/dapborlangmarwein/www/test/vendor/symfony/routing/RouteCompiler.php(66): Symfony\\Component\\Routing\\RouteCompiler::compilePattern(Object(Symfony\\Component\\Routing\\Route), '/formbuilder/{i...', false)
#1 /Users/dapborlangmarwein/www/test/vendor/symfony/routing/Route.php(557): Symfony\\Component\\Routing\\RouteCompiler::compile(Object(Symfony\\Component\\Routing\\Route))
#2 /Users/dapborlangmarwein/www/test/vendor/laravel/framework/src/Illuminate/Routing/RouteCompiler.php(40): Symfony\\Component\\Routing\\Route->compile()
#3 /Users/dapborlangmarwein/www/test/vendor/laravel/framework/src/Illuminate/Routing/Route.php(291): Illuminate\\Routing\\RouteCompiler->compile()
#4 /Users/dapborlangmarwein/www/test/vendor/laravel/framework/src/Illuminate/Routing/Route.php(268): Illuminate\\Routing\\Route->compileRoute()
#5 /Users/dapborlangmarwein/www/test/vendor/laravel/framework/src/Illuminate/Routing/RouteCollection.php(197): Illuminate\\Routing\\Route->matches(Object(Illuminate\\Http\\Request), true)
#6 [internal function]: Illuminate\\Routing\\RouteCollection->Illuminate\\Routing\\{closure}(Object(Illuminate\\Routing\\Route), 'formbuilder/{id...')
#7 /Users/dapborlangmarwein/www/test/vendor/laravel/framework/src/Illuminate/Support/Arr.php(175): call_user_func(Object(Closure), Object(Illuminate\\Routing\\Route), 'formbuilder/{id...')
#8 /Users/dapborlangmarwein/www/test/vendor/laravel/framework/src/Illuminate/Support/Collection.php(815): Illuminate\\Support\\Arr::first(Array, Object(Closure), NULL)
#9 /Users/dapborlangmarwein/www/test/vendor/laravel/framework/src/Illuminate/Routing/RouteCollection.php(198): Illuminate\\Support\\Collection->first(Object(Closure))
#10 /Users/dapborlangmarwein/www/test/vendor/laravel/framework/src/Illuminate/Routing/RouteCollection.php(164): Illuminate\\Routing\\RouteCollection->matchAgainstRoutes(Object(Illuminate\\Support\\Collection), Object(Illuminate\\Http\\Request))
#11 /Users/dapborlangmarwein/www/test/vendor/laravel/framework/src/Illuminate/Routing/Router.php(634): Illuminate\\Routing\\RouteCollection->match(Object(Illuminate\\Http\\Request))
#12 /Users/dapborlangmarwein/www/test/vendor/laravel/framework/src/Illuminate/Routing/Router.php(623): Illuminate\\Routing\\Router->findRoute(Object(Illuminate\\Http\\Request))
#13 /Users/dapborlangmarwein/www/test/vendor/laravel/framework/src/Illuminate/Routing/Router.php(612): Illuminate\\Routing\\Router->dispatchToRoute(Object(Illuminate\\Http\\Request))
#14 /Users/dapborlangmarwein/www/test/vendor/laravel/framework/src/Illuminate/Foundation/Http/Kernel.php(176): Illuminate\\Routing\\Router->dispatch(Object(Illuminate\\Http\\Request))
#15 /Users/dapborlangmarwein/www/test/vendor/laravel/framework/src/Illuminate/Routing/Pipeline.php(30): Illuminate\\Foundation\\Http\\Kernel->Illuminate\\Foundation\\Http\\{closure}(Object(Illuminate\\Http\\Request))
#16 /Users/dapborlangmarwein/www/test/vendor/laravel/framework/src/Illuminate/Foundation/Http/Middleware/TransformsRequest.php(21): Illuminate\\Routing\\Pipeline->Illuminate\\Routing\\{closure}(Object(Illuminate\\Http\\Request))
#17 /Users/dapborlangmarwein/www/test/vendor/laravel/framework/src/Illuminate/Pipeline/Pipeline.php(163): Illuminate\\Foundation\\Http\\Middleware\\TransformsRequest->handle(Object(Illuminate\\Http\\Request), Object(Closure))
#18 /Users/dapborlangmarwein/www/test/vendor/laravel/framework/src/Illuminate/Routing/Pipeline.php(53): Illuminate\\Pipeline\\Pipeline->Illuminate\\Pipeline\\{closure}(Object(Illuminate\\Http\\Request))
#19 /Users/dapborlangmarwein/www/test/vendor/laravel/framework/src/Illuminate/Foundation/Http/Middleware/TransformsRequest.php(21): Illuminate\\Routing\\Pipeline->Illuminate\\Routing\\{closure}(Object(Illuminate\\Http\\Request))
#20 /Users/dapborlangmarwein/www/test/vendor/laravel/framework/src/Illuminate/Pipeline/Pipeline.php(163): Illuminate\\Foundation\\Http\\Middleware\\TransformsRequest->handle(Object(Illuminate\\Http\\Request), Object(Closure))
#21 /Users/dapborlangmarwein/www/test/vendor/laravel/framework/src/Illuminate/Routing/Pipeline.php(53): Illuminate\\Pipeline\\Pipeline->Illuminate\\Pipeline\\{closure}(Object(Illuminate\\Http\\Request))
#22 /Users/dapborlangmarwein/www/test/vendor/laravel/framework/src/Illuminate/Foundation/Http/Middleware/ValidatePostSize.php(27): Illuminate\\Routing\\Pipeline->Illuminate\\Routing\\{closure}(Object(Illuminate\\Http\\Request))
#23 /Users/dapborlangmarwein/www/test/vendor/laravel/framework/src/Illuminate/Pipeline/Pipeline.php(163): Illuminate\\Foundation\\Http\\Middleware\\ValidatePostSize->handle(Object(Illuminate\\Http\\Request), Object(Closure))
#24 /Users/dapborlangmarwein/www/test/vendor/laravel/framework/src/Illuminate/Routing/Pipeline.php(53): Illuminate\\Pipeline\\Pipeline->Illuminate\\Pipeline\\{closure}(Object(Illuminate\\Http\\Request))
#25 /Users/dapborlangmarwein/www/test/vendor/laravel/framework/src/Illuminate/Foundation/Http/Middleware/CheckForMaintenanceMode.php(62): Illuminate\\Routing\\Pipeline->Illuminate\\Routing\\{closure}(Object(Illuminate\\Http\\Request))
#26 /Users/dapborlangmarwein/www/test/vendor/laravel/framework/src/Illuminate/Pipeline/Pipeline.php(163): Illuminate\\Foundation\\Http\\Middleware\\CheckForMaintenanceMode->handle(Object(Illuminate\\Http\\Request), Object(Closure))
#27 /Users/dapborlangmarwein/www/test/vendor/laravel/framework/src/Illuminate/Routing/Pipeline.php(53): Illuminate\\Pipeline\\Pipeline->Illuminate\\Pipeline\\{closure}(Object(Illuminate\\Http\\Request))
#28 /Users/dapborlangmarwein/www/test/vendor/fideloper/proxy/src/TrustProxies.php(57): Illuminate\\Routing\\Pipeline->Illuminate\\Routing\\{closure}(Object(Illuminate\\Http\\Request))
#29 /Users/dapborlangmarwein/www/test/vendor/laravel/framework/src/Illuminate/Pipeline/Pipeline.php(163): Fideloper\\Proxy\\TrustProxies->handle(Object(Illuminate\\Http\\Request), Object(Closure))
#30 /Users/dapborlangmarwein/www/test/vendor/laravel/framework/src/Illuminate/Routing/Pipeline.php(53): Illuminate\\Pipeline\\Pipeline->Illuminate\\Pipeline\\{closure}(Object(Illuminate\\Http\\Request))
#31 /Users/dapborlangmarwein/www/test/vendor/laravel/framework/src/Illuminate/Pipeline/Pipeline.php(104): Illuminate\\Routing\\Pipeline->Illuminate\\Routing\\{closure}(Object(Illuminate\\Http\\Request))
#32 /Users/dapborlangmarwein/www/test/vendor/laravel/framework/src/Illuminate/Foundation/Http/Kernel.php(151): Illuminate\\Pipeline\\Pipeline->then(Object(Closure))
#33 /Users/dapborlangmarwein/www/test/vendor/laravel/framework/src/Illuminate/Foundation/Http/Kernel.php(116): Illuminate\\Foundation\\Http\\Kernel->sendRequestThroughRouter(Object(Illuminate\\Http\\Request))
#34 /Users/dapborlangmarwein/www/htdocs/test/index.php(55): Illuminate\\Foundation\\Http\\Kernel->handle(Object(Illuminate\\Http\\Request))
#35 {main}
"} 
[2020-01-23 06:38:22] local.ERROR: Route pattern "/formbuilder/{id}/{{id}}" cannot reference variable name "id" more than once. {"exception":"[object] (LogicException(code: 0): Route pattern \"/formbuilder/{id}/{{id}}\" cannot reference variable name \"id\" more than once. at /Users/dapborlangmarwein/www/test/vendor/symfony/routing/RouteCompiler.php:138)
[stacktrace]
#0 /Users/dapborlangmarwein/www/test/vendor/symfony/routing/RouteCompiler.php(66): Symfony\\Component\\Routing\\RouteCompiler::compilePattern(Object(Symfony\\Component\\Routing\\Route), '/formbuilder/{i...', false)
#1 /Users/dapborlangmarwein/www/test/vendor/symfony/routing/Route.php(557): Symfony\\Component\\Routing\\RouteCompiler::compile(Object(Symfony\\Component\\Routing\\Route))
#2 /Users/dapborlangmarwein/www/test/vendor/laravel/framework/src/Illuminate/Routing/RouteCompiler.php(40): Symfony\\Component\\Routing\\Route->compile()
#3 /Users/dapborlangmarwein/www/test/vendor/laravel/framework/src/Illuminate/Routing/Route.php(291): Illuminate\\Routing\\RouteCompiler->compile()
#4 /Users/dapborlangmarwein/www/test/vendor/laravel/framework/src/Illuminate/Routing/Route.php(268): Illuminate\\Routing\\Route->compileRoute()
#5 /Users/dapborlangmarwein/www/test/vendor/laravel/framework/src/Illuminate/Routing/RouteCollection.php(197): Illuminate\\Routing\\Route->matches(Object(Illuminate\\Http\\Request), true)
#6 [internal function]: Illuminate\\Routing\\RouteCollection->Illuminate\\Routing\\{closure}(Object(Illuminate\\Routing\\Route), 'formbuilder/{id...')
#7 /Users/dapborlangmarwein/www/test/vendor/laravel/framework/src/Illuminate/Support/Arr.php(175): call_user_func(Object(Closure), Object(Illuminate\\Routing\\Route), 'formbuilder/{id...')
#8 /Users/dapborlangmarwein/www/test/vendor/laravel/framework/src/Illuminate/Support/Collection.php(815): Illuminate\\Support\\Arr::first(Array, Object(Closure), NULL)
#9 /Users/dapborlangmarwein/www/test/vendor/laravel/framework/src/Illuminate/Routing/RouteCollection.php(198): Illuminate\\Support\\Collection->first(Object(Closure))
#10 /Users/dapborlangmarwein/www/test/vendor/laravel/framework/src/Illuminate/Routing/RouteCollection.php(164): Illuminate\\Routing\\RouteCollection->matchAgainstRoutes(Object(Illuminate\\Support\\Collection), Object(Illuminate\\Http\\Request))
#11 /Users/dapborlangmarwein/www/test/vendor/laravel/framework/src/Illuminate/Routing/Router.php(634): Illuminate\\Routing\\RouteCollection->match(Object(Illuminate\\Http\\Request))
#12 /Users/dapborlangmarwein/www/test/vendor/laravel/framework/src/Illuminate/Routing/Router.php(623): Illuminate\\Routing\\Router->findRoute(Object(Illuminate\\Http\\Request))
#13 /Users/dapborlangmarwein/www/test/vendor/laravel/framework/src/Illuminate/Routing/Router.php(612): Illuminate\\Routing\\Router->dispatchToRoute(Object(Illuminate\\Http\\Request))
#14 /Users/dapborlangmarwein/www/test/vendor/laravel/framework/src/Illuminate/Foundation/Http/Kernel.php(176): Illuminate\\Routing\\Router->dispatch(Object(Illuminate\\Http\\Request))
#15 /Users/dapborlangmarwein/www/test/vendor/laravel/framework/src/Illuminate/Routing/Pipeline.php(30): Illuminate\\Foundation\\Http\\Kernel->Illuminate\\Foundation\\Http\\{closure}(Object(Illuminate\\Http\\Request))
#16 /Users/dapborlangmarwein/www/test/vendor/laravel/framework/src/Illuminate/Foundation/Http/Middleware/TransformsRequest.php(21): Illuminate\\Routing\\Pipeline->Illuminate\\Routing\\{closure}(Object(Illuminate\\Http\\Request))
#17 /Users/dapborlangmarwein/www/test/vendor/laravel/framework/src/Illuminate/Pipeline/Pipeline.php(163): Illuminate\\Foundation\\Http\\Middleware\\TransformsRequest->handle(Object(Illuminate\\Http\\Request), Object(Closure))
#18 /Users/dapborlangmarwein/www/test/vendor/laravel/framework/src/Illuminate/Routing/Pipeline.php(53): Illuminate\\Pipeline\\Pipeline->Illuminate\\Pipeline\\{closure}(Object(Illuminate\\Http\\Request))
#19 /Users/dapborlangmarwein/www/test/vendor/laravel/framework/src/Illuminate/Foundation/Http/Middleware/TransformsRequest.php(21): Illuminate\\Routing\\Pipeline->Illuminate\\Routing\\{closure}(Object(Illuminate\\Http\\Request))
#20 /Users/dapborlangmarwein/www/test/vendor/laravel/framework/src/Illuminate/Pipeline/Pipeline.php(163): Illuminate\\Foundation\\Http\\Middleware\\TransformsRequest->handle(Object(Illuminate\\Http\\Request), Object(Closure))
#21 /Users/dapborlangmarwein/www/test/vendor/laravel/framework/src/Illuminate/Routing/Pipeline.php(53): Illuminate\\Pipeline\\Pipeline->Illuminate\\Pipeline\\{closure}(Object(Illuminate\\Http\\Request))
#22 /Users/dapborlangmarwein/www/test/vendor/laravel/framework/src/Illuminate/Foundation/Http/Middleware/ValidatePostSize.php(27): Illuminate\\Routing\\Pipeline->Illuminate\\Routing\\{closure}(Object(Illuminate\\Http\\Request))
#23 /Users/dapborlangmarwein/www/test/vendor/laravel/framework/src/Illuminate/Pipeline/Pipeline.php(163): Illuminate\\Foundation\\Http\\Middleware\\ValidatePostSize->handle(Object(Illuminate\\Http\\Request), Object(Closure))
#24 /Users/dapborlangmarwein/www/test/vendor/laravel/framework/src/Illuminate/Routing/Pipeline.php(53): Illuminate\\Pipeline\\Pipeline->Illuminate\\Pipeline\\{closure}(Object(Illuminate\\Http\\Request))
#25 /Users/dapborlangmarwein/www/test/vendor/laravel/framework/src/Illuminate/Foundation/Http/Middleware/CheckForMaintenanceMode.php(62): Illuminate\\Routing\\Pipeline->Illuminate\\Routing\\{closure}(Object(Illuminate\\Http\\Request))
#26 /Users/dapborlangmarwein/www/test/vendor/laravel/framework/src/Illuminate/Pipeline/Pipeline.php(163): Illuminate\\Foundation\\Http\\Middleware\\CheckForMaintenanceMode->handle(Object(Illuminate\\Http\\Request), Object(Closure))
#27 /Users/dapborlangmarwein/www/test/vendor/laravel/framework/src/Illuminate/Routing/Pipeline.php(53): Illuminate\\Pipeline\\Pipeline->Illuminate\\Pipeline\\{closure}(Object(Illuminate\\Http\\Request))
#28 /Users/dapborlangmarwein/www/test/vendor/fideloper/proxy/src/TrustProxies.php(57): Illuminate\\Routing\\Pipeline->Illuminate\\Routing\\{closure}(Object(Illuminate\\Http\\Request))
#29 /Users/dapborlangmarwein/www/test/vendor/laravel/framework/src/Illuminate/Pipeline/Pipeline.php(163): Fideloper\\Proxy\\TrustProxies->handle(Object(Illuminate\\Http\\Request), Object(Closure))
#30 /Users/dapborlangmarwein/www/test/vendor/laravel/framework/src/Illuminate/Routing/Pipeline.php(53): Illuminate\\Pipeline\\Pipeline->Illuminate\\Pipeline\\{closure}(Object(Illuminate\\Http\\Request))
#31 /Users/dapborlangmarwein/www/test/vendor/laravel/framework/src/Illuminate/Pipeline/Pipeline.php(104): Illuminate\\Routing\\Pipeline->Illuminate\\Routing\\{closure}(Object(Illuminate\\Http\\Request))
#32 /Users/dapborlangmarwein/www/test/vendor/laravel/framework/src/Illuminate/Foundation/Http/Kernel.php(151): Illuminate\\Pipeline\\Pipeline->then(Object(Closure))
#33 /Users/dapborlangmarwein/www/test/vendor/laravel/framework/src/Illuminate/Foundation/Http/Kernel.php(116): Illuminate\\Foundation\\Http\\Kernel->sendRequestThroughRouter(Object(Illuminate\\Http\\Request))
#34 /Users/dapborlangmarwein/www/htdocs/test/index.php(55): Illuminate\\Foundation\\Http\\Kernel->handle(Object(Illuminate\\Http\\Request))
#35 {main}
"} 
